0 verbose cli /usr/local/bin/node /usr/local/bin/npm
1 info using npm@8.19.2
2 info using node@v17.9.1
3 timing npm:load:whichnode Completed in 0ms
4 timing config:load:defaults Completed in 1ms
5 timing config:load:file:/usr/local/lib/node_modules/npm/npmrc Completed in 1ms
6 timing config:load:builtin Completed in 2ms
7 timing config:load:cli Completed in 1ms
8 timing config:load:env Completed in 0ms
9 timing config:load:project Completed in 2ms
10 timing config:load:file:/home/container/.npmrc Completed in 0ms
11 timing config:load:user Completed in 0ms
12 timing config:load:file:/usr/local/etc/npmrc Completed in 0ms
13 timing config:load:global Completed in 1ms
14 timing config:load:validate Completed in 0ms
15 timing config:load:credentials Completed in 1ms
16 timing config:load:setEnvs Completed in 1ms
17 timing config:load Completed in 10ms
18 timing npm:load:configload Completed in 12ms
19 timing npm:load:mkdirpcache Completed in 29ms
20 timing npm:load:mkdirplogs Completed in 0ms
21 verbose title npm install
22 verbose argv "install"
23 timing npm:load:setTitle Completed in 2ms
24 timing config:load:flatten Completed in 3ms
25 timing npm:load:display Completed in 5ms
26 verbose logfile logs-max:10 dir:/home/container/.npm/_logs
27 verbose logfile /home/container/.npm/_logs/2023-02-13T07_18_53_778Z-debug-0.log
28 timing npm:load:logFile Completed in 6ms
29 timing npm:load:timers Completed in 0ms
30 timing npm:load:configScope Completed in 0ms
31 timing npm:load Completed in 54ms
32 timing arborist:ctor Completed in 1ms
33 silly logfile done cleaning log files
34 timing idealTree:init Completed in 788ms
35 timing idealTree:userRequests Completed in 1ms
36 silly idealTree buildDeps
37 timing idealTree:#root Completed in 0ms
38 timing idealTree:buildDeps Completed in 2ms
39 timing idealTree:fixDepFlags Completed in 0ms
40 timing idealTree Completed in 801ms
41 timing arborist:ctor Completed in 0ms
42 timing reify:loadTrees Completed in 1401ms
43 timing reify:diffTrees Completed in 16ms
44 silly reify moves {}
45 timing reify:retireShallow Completed in 1ms
46 timing reify:createSparse Completed in 2ms
47 timing reify:loadBundles Completed in 0ms
48 silly audit bulk request {
48 silly audit   '@adiwajshing/baileys': [ '4.4.0' ],
48 silly audit   axios: [ '0.24.0', '0.26.1', '1.3.2', '0.20.0', '0.21.4' ],
48 silly audit   '@adiwajshing/keyed-db': [ '0.2.4' ],
48 silly audit   '@assemblyscript/loader': [ '0.10.1' ],
48 silly audit   '@aws-crypto/ie11-detection': [ '3.0.0' ],
48 silly audit   tslib: [ '1.14.1', '2.5.0' ],
48 silly audit   '@aws-crypto/sha256-browser': [ '3.0.0' ],
48 silly audit   '@aws-crypto/sha256-js': [ '3.0.0' ],
48 silly audit   '@aws-crypto/supports-web-crypto': [ '3.0.0' ],
48 silly audit   '@aws-crypto/util': [ '3.0.0' ],
48 silly audit   '@aws-sdk/abort-controller': [ '3.267.0' ],
48 silly audit   '@aws-sdk/client-cognito-identity': [ '3.267.0' ],
48 silly audit   '@aws-sdk/client-sso': [ '3.267.0' ],
48 silly audit   '@aws-sdk/client-sso-oidc': [ '3.267.0' ],
48 silly audit   '@aws-sdk/client-sts': [ '3.267.0' ],
48 silly audit   '@aws-sdk/config-resolver': [ '3.267.0' ],
48 silly audit   '@aws-sdk/credential-provider-cognito-identity': [ '3.267.0' ],
48 silly audit   '@aws-sdk/credential-provider-env': [ '3.267.0' ],
48 silly audit   '@aws-sdk/credential-provider-imds': [ '3.267.0' ],
48 silly audit   '@aws-sdk/credential-provider-ini': [ '3.267.0' ],
48 silly audit   '@aws-sdk/credential-provider-node': [ '3.267.0' ],
48 silly audit   '@aws-sdk/credential-provider-process': [ '3.267.0' ],
48 silly audit   '@aws-sdk/credential-provider-sso': [ '3.267.0' ],
48 silly audit   '@aws-sdk/credential-provider-web-identity': [ '3.267.0' ],
48 silly audit   '@aws-sdk/credential-providers': [ '3.267.0' ],
48 silly audit   '@aws-sdk/fetch-http-handler': [ '3.267.0' ],
48 silly audit   '@aws-sdk/hash-node': [ '3.267.0' ],
48 silly audit   '@aws-sdk/invalid-dependency': [ '3.267.0' ],
48 silly audit   '@aws-sdk/is-array-buffer': [ '3.201.0' ],
48 silly audit   '@aws-sdk/middleware-content-length': [ '3.267.0' ],
48 silly audit   '@aws-sdk/middleware-endpoint': [ '3.267.0' ],
48 silly audit   '@aws-sdk/middleware-host-header': [ '3.267.0' ],
48 silly audit   '@aws-sdk/middleware-logger': [ '3.267.0' ],
48 silly audit   '@aws-sdk/middleware-recursion-detection': [ '3.267.0' ],
48 silly audit   '@aws-sdk/middleware-retry': [ '3.267.0' ],
48 silly audit   '@aws-sdk/middleware-sdk-sts': [ '3.267.0' ],
48 silly audit   '@aws-sdk/middleware-serde': [ '3.267.0' ],
48 silly audit   '@aws-sdk/middleware-signing': [ '3.267.0' ],
48 silly audit   '@aws-sdk/middleware-stack': [ '3.267.0' ],
48 silly audit   '@aws-sdk/middleware-user-agent': [ '3.267.0' ],
48 silly audit   '@aws-sdk/node-config-provider': [ '3.267.0' ],
48 silly audit   '@aws-sdk/node-http-handler': [ '3.267.0' ],
48 silly audit   '@aws-sdk/property-provider': [ '3.267.0' ],
48 silly audit   '@aws-sdk/protocol-http': [ '3.267.0' ],
48 silly audit   '@aws-sdk/querystring-builder': [ '3.267.0' ],
48 silly audit   '@aws-sdk/querystring-parser': [ '3.267.0' ],
48 silly audit   '@aws-sdk/service-error-classification': [ '3.267.0' ],
48 silly audit   '@aws-sdk/shared-ini-file-loader': [ '3.267.0' ],
48 silly audit   '@aws-sdk/signature-v4': [ '3.267.0' ],
48 silly audit   '@aws-sdk/smithy-client': [ '3.267.0' ],
48 silly audit   '@aws-sdk/token-providers': [ '3.267.0' ],
48 silly audit   '@aws-sdk/types': [ '3.267.0' ],
48 silly audit   '@aws-sdk/url-parser': [ '3.267.0' ],
48 silly audit   '@aws-sdk/util-base64': [ '3.208.0' ],
48 silly audit   '@aws-sdk/util-body-length-browser': [ '3.188.0' ],
48 silly audit   '@aws-sdk/util-body-length-node': [ '3.208.0' ],
48 silly audit   '@aws-sdk/util-buffer-from': [ '3.208.0' ],
48 silly audit   '@aws-sdk/util-config-provider': [ '3.208.0' ],
48 silly audit   '@aws-sdk/util-defaults-mode-browser': [ '3.267.0' ],
48 silly audit   '@aws-sdk/util-defaults-mode-node': [ '3.267.0' ],
48 silly audit   '@aws-sdk/util-endpoints': [ '3.267.0' ],
48 silly audit   '@aws-sdk/util-hex-encoding': [ '3.201.0' ],
48 silly audit   '@aws-sdk/util-locate-window': [ '3.208.0' ],
48 silly audit   '@aws-sdk/util-middleware': [ '3.267.0' ],
48 silly audit   '@aws-sdk/util-retry': [ '3.267.0' ],
48 silly audit   '@aws-sdk/util-uri-escape': [ '3.201.0' ],
48 silly audit   '@aws-sdk/util-user-agent-browser': [ '3.267.0' ],
48 silly audit   '@aws-sdk/util-user-agent-node': [ '3.267.0' ],
48 silly audit   '@aws-sdk/util-utf8': [ '3.254.0' ],
48 silly audit   '@aws-sdk/util-utf8-browser': [ '3.259.0' ],
48 silly audit   '@babel/runtime': [ '7.20.13' ],
48 silly audit   '@bochilteam/scraper': [ '2.0.0' ],
48 silly audit   '@hapi/boom': [ '9.1.4' ],
48 silly audit   '@hapi/hoek': [ '9.3.0' ],
48 silly audit   '@jimp/bmp': [ '0.16.13', '0.14.0' ],
48 silly audit   '@jimp/core': [ '0.16.13', '0.14.0' ],
48 silly audit   '@jimp/custom': [ '0.16.13', '0.14.0' ],
48 silly audit   '@jimp/gif': [ '0.16.13', '0.14.0' ],
48 silly audit   '@jimp/jpeg': [ '0.16.13', '0.14.0' ],
48 silly audit   '@jimp/plugin-blit': [ '0.16.13', '0.14.0' ],
48 silly audit   '@jimp/plugin-blur': [ '0.16.13', '0.14.0' ],
48 silly audit   '@jimp/plugin-circle': [ '0.16.13', '0.14.0' ],
48 silly audit   '@jimp/plugin-color': [ '0.16.13', '0.14.0' ],
48 silly audit   '@jimp/plugin-contain': [ '0.16.13', '0.14.0' ],
48 silly audit   '@jimp/plugin-cover': [ '0.16.13', '0.14.0' ],
48 silly audit   '@jimp/plugin-crop': [ '0.16.13', '0.14.0' ],
48 silly audit   '@jimp/plugin-displace': [ '0.16.13', '0.14.0' ],
48 silly audit   '@jimp/plugin-dither': [ '0.16.13', '0.14.0' ],
48 silly audit   '@jimp/plugin-fisheye': [ '0.16.13', '0.14.0' ],
48 silly audit   '@jimp/plugin-flip': [ '0.16.13', '0.14.0' ],
48 silly audit   '@jimp/plugin-gaussian': [ '0.16.13', '0.14.0' ],
48 silly audit   '@jimp/plugin-invert': [ '0.16.13', '0.14.0' ],
48 silly audit   '@jimp/plugin-mask': [ '0.16.13', '0.14.0' ],
48 silly audit   '@jimp/plugin-normalize': [ '0.16.13', '0.14.0' ],
48 silly audit   '@jimp/plugin-print': [ '0.16.13', '0.14.0' ],
48 silly audit   '@jimp/plugin-resize': [ '0.16.13', '0.14.0' ],
48 silly audit   '@jimp/plugin-rotate': [ '0.16.13', '0.14.0' ],
48 silly audit   '@jimp/plugin-scale': [ '0.16.13', '0.14.0' ],
48 silly audit   '@jimp/plugin-shadow': [ '0.16.13', '0.14.0' ],
48 silly audit   '@jimp/plugin-threshold': [ '0.16.13', '0.14.0' ],
48 silly audit   '@jimp/plugins': [ '0.16.13', '0.14.0' ],
48 silly audit   '@jimp/png': [ '0.16.13', '0.14.0' ],
48 silly audit   pngjs: [ '3.4.0', '5.0.0' ],
48 silly audit   '@jimp/tiff': [ '0.16.13', '0.14.0' ],
48 silly audit   '@jimp/types': [ '0.16.13', '0.14.0' ],
48 silly audit   '@jimp/utils': [ '0.16.13', '0.14.0' ],
48 silly audit   '@protobufjs/aspromise': [ '1.1.2' ],
48 silly audit   '@protobufjs/base64': [ '1.1.2' ],
48 silly audit   '@protobufjs/codegen': [ '2.0.4' ],
48 silly audit   '@protobufjs/eventemitter': [ '1.1.0' ],
48 silly audit   '@protobufjs/fetch': [ '1.1.0' ],
48 silly audit   '@protobufjs/float': [ '1.0.2' ],
48 silly audit   '@protobufjs/inquire': [ '1.1.0' ],
48 silly audit   '@protobufjs/path': [ '1.1.2' ],
48 silly audit   '@protobufjs/pool': [ '1.1.0' ],
48 silly audit   '@protobufjs/utf8': [ '1.1.0' ],
48 silly audit   '@sindresorhus/is': [ '4.6.0' ],
48 silly audit   '@socket.io/component-emitter': [ '3.1.0' ],
48 silly audit   '@szmarczak/http-timer': [ '4.0.6' ],
48 silly audit   '@tokenizer/token': [ '0.3.0' ],
48 silly audit   '@tootallnate/once': [ '2.0.0', '1.1.2' ],
48 silly audit   '@types/cacheable-request': [ '6.0.3' ],
48 silly audit   '@types/cookie': [ '0.4.1' ],
48 silly audit   '@types/cors': [ '2.8.13' ],
48 silly audit   '@types/http-cache-semantics': [ '4.0.1' ],
48 silly audit   '@types/keyv': [ '3.1.4' ],
48 silly audit   '@types/long': [ '4.0.2' ],
48 silly audit   '@types/node': [ '18.13.0', '16.9.1', '10.17.60' ],
48 silly audit   '@types/responselike': [ '1.0.0' ],
48 silly audit   '@types/webidl-conversions': [ '7.0.0' ],
48 silly audit   '@types/whatwg-url': [ '8.2.2' ],
48 silly audit   abab: [ '2.0.6' ],
48 silly audit   abbrev: [ '1.1.1' ],
48 silly audit   accepts: [ '1.3.8' ],
48 silly audit   acorn: [ '8.8.2', '7.4.1' ],
48 silly audit   'acorn-globals': [ '6.0.0' ],
48 silly audit   'acorn-node': [ '1.8.2' ],
48 silly audit   'acorn-walk': [ '7.2.0' ],
48 silly audit   'agent-base': [ '6.0.2' ],
48 silly audit   debug: [ '4.3.4', '2.6.9', '3.2.7' ],
48 silly audit   ms: [ '2.1.2', '2.1.3', '2.0.0' ],
48 silly audit   ajv: [ '6.12.6' ],
48 silly audit   'ansi-escapes': [ '4.3.2', '5.0.0' ],
48 silly audit   'ansi-regex': [ '5.0.1', '2.1.1', '3.0.1', '4.1.1' ],
48 silly audit   'ansi-styles': [ '4.3.0', '3.2.1' ],
48 silly audit   'any-base': [ '1.1.0' ],
48 silly audit   anymatch: [ '3.1.3' ],
48 silly audit   'app-path': [ '4.0.0' ],
48 silly audit   'array-back': [ '3.1.0' ],
48 silly audit   'array-flatten': [ '1.1.1' ],
48 silly audit   'array-range': [ '1.0.1' ],
48 silly audit   asn1: [ '0.2.6' ],
48 silly audit   'assert-plus': [ '1.0.0' ],
48 silly audit   'astral-regex': [ '2.0.0' ],
48 silly audit   async: [ '3.2.4', '2.6.4', '0.9.2' ],
48 silly audit   'async.parallellimit': [ '0.5.2' ],
48 silly audit   'async.util.eachoflimit': [ '0.5.2' ],
48 silly audit   'async.util.isarray': [ '0.5.2' ],
48 silly audit   'async.util.isarraylike': [ '0.5.2' ],
48 silly audit   'async.util.keyiterator': [ '0.5.2' ],
48 silly audit   'async.util.keys': [ '0.5.2' ],
48 silly audit   'async.util.noop': [ '0.5.2' ],
48 silly audit   'async.util.once': [ '0.5.2' ],
48 silly audit   'async.util.onlyonce': [ '0.5.2' ],
48 silly audit   'async.util.parallel': [ '0.5.2' ],
48 silly audit   'async.util.restparam': [ '0.5.2' ],
48 silly audit   asynckit: [ '0.4.0' ],
48 silly audit   'atomic-sleep': [ '1.0.0' ],
48 silly audit   'awesome-phonenumber': [ '2.73.0' ],
48 silly audit   'aws-sign2': [ '0.7.0' ],
48 silly audit   aws4: [ '1.12.0' ],
48 silly audit   'balanced-match': [ '1.0.2' ],
48 silly audit   'base64-js': [ '1.5.1' ],
48 silly audit   base64id: [ '2.0.0' ],
48 silly audit   'bcrypt-pbkdf': [ '1.0.2' ],
48 silly audit   'binary-extensions': [ '2.2.0' ],
48 silly audit   bl: [ '4.1.0' ],
48 silly audit   'readable-stream': [ '3.6.0', '2.3.7' ],
48 silly audit   'bmp-js': [ '0.1.0' ],
48 silly audit   'body-parser': [ '1.20.1' ],
48 silly audit   boolbase: [ '1.0.0' ],
48 silly audit   boolstring: [ '1.0.2' ],
48 silly audit   bowser: [ '2.11.0' ],
48 silly audit   'brace-expansion': [ '1.1.11' ],
48 silly audit   braces: [ '3.0.2' ],
48 silly audit   'brainly-scraper-v2': [ '2.2.8' ],
48 silly audit   'browser-process-hrtime': [ '1.0.0' ],
48 silly audit   bson: [ '4.7.2' ],
48 silly audit   buffer: [ '5.7.1' ],
48 silly audit   'buffer-equal': [ '0.0.1' ],
48 silly audit   bytes: [ '3.1.2' ],
48 silly audit   'cacheable-lookup': [ '5.0.4' ],
48 silly audit   'cacheable-request': [ '7.0.2' ],
48 silly audit   'call-bind': [ '1.0.2' ],
48 silly audit   camelcase: [ '5.3.1' ],
48 silly audit   caseless: [ '0.12.0' ],
48 silly audit   catch: [ '1.0.48' ],
48 silly audit   cfonts: [ '2.10.1' ],
48 silly audit   chalk: [ '4.1.2', '2.4.2', '3.0.0' ],
48 silly audit   cheerio: [ '1.0.0-rc.12' ],
48 silly audit   'cheerio-select': [ '2.1.0' ],
48 silly audit   chokidar: [ '3.5.3' ],
48 silly audit   chownr: [ '1.1.4' ],
48 silly audit   'cli-color': [ '1.2.0' ],
48 silly audit   'cli-cursor': [ '3.1.0' ],
48 silly audit   'cli-spinners': [ '2.7.0' ],
48 silly audit   cliui: [ '8.0.1', '6.0.0' ],
48 silly audit   'wrap-ansi': [ '7.0.0', '6.2.0' ],
48 silly audit   clone: [ '2.1.2', '1.0.4' ],
48 silly audit   'clone-response': [ '1.0.3' ],
48 silly audit   color: [ '4.2.3' ],
48 silly audit   'color-convert': [ '2.0.1', '1.9.3' ],
48 silly audit   'color-name': [ '1.1.4', '1.1.3' ],
48 silly audit   'color-string': [ '1.9.1' ],
48 silly audit   colors: [ '1.4.0' ],
48 silly audit   'combined-stream': [ '1.0.8', '0.0.7' ],
48 silly audit   'command-line-args': [ '5.2.1' ],
48 silly audit   'concat-map': [ '0.0.1' ],
48 silly audit   'content-disposition': [ '0.5.4' ],
48 silly audit   'content-type': [ '1.0.5' ],
48 silly audit   cookie: [ '0.5.0', '0.4.2' ],
48 silly audit   'cookie-signature': [ '1.0.6' ],
48 silly audit   'core-util-is': [ '1.0.3', '1.0.2' ],
48 silly audit   cors: [ '2.8.5' ],
48 silly audit   'cross-spawn': [ '7.0.3' ],
48 silly audit   which: [ '2.0.2', '1.3.1' ],
48 silly audit   'css-select': [ '5.1.0' ],
48 silly audit   'css-what': [ '6.1.0' ],
48 silly audit   cssom: [ '0.5.0', '0.3.8' ],
48 silly audit   cssstyle: [ '2.3.0' ],
48 silly audit   'curve25519-js': [ '0.0.4' ],
48 silly audit   cycled: [ '1.2.0' ],
48 silly audit   d: [ '1.0.1' ],
48 silly audit   dashdash: [ '1.14.1' ],
48 silly audit   dasu: [ '0.4.3' ],
48 silly audit   'data-urls': [ '3.0.2' ],
48 silly audit   'whatwg-url': [ '11.0.0', '9.1.0', '5.0.0', '10.0.0' ],
48 silly audit   decamelize: [ '1.2.0' ],
48 silly audit   'decimal.js': [ '10.4.3' ],
48 silly audit   'decode-gif': [ '1.0.1' ],
48 silly audit   'decompress-response': [ '6.0.0' ],
48 silly audit   'mimic-response': [ '3.1.0', '1.0.1' ],
48 silly audit   'deep-extend': [ '0.6.0' ],
48 silly audit   'deep-is': [ '0.1.4' ],
48 silly audit   defaults: [ '1.0.4' ],
48 silly audit   'defer-to-connect': [ '2.0.1' ],
48 silly audit   'define-property': [ '1.0.0' ],
48 silly audit   delay: [ '4.4.1' ],
48 silly audit   'delayed-stream': [ '1.0.0', '0.0.5' ],
48 silly audit   depd: [ '2.0.0' ],
48 silly audit   destroy: [ '1.2.0' ],
48 silly audit   'detect-libc': [ '2.0.1' ],
48 silly audit   dijkstrajs: [ '1.0.2' ],
48 silly audit   'dom-serializer': [ '2.0.0' ],
48 silly audit   'dom-walk': [ '0.1.2' ],
48 silly audit   domelementtype: [ '2.3.0' ],
48 silly audit   domexception: [ '4.0.0', '2.0.1' ],
48 silly audit   domhandler: [ '5.0.3' ],
48 silly audit   domutils: [ '3.0.1' ],
48 silly audit   duplexify: [ '4.1.2' ],
48 silly audit   'ecc-jsbn': [ '0.1.2' ],
48 silly audit   'ee-first': [ '1.1.1' ],
48 silly audit   'emoji-api': [ '2.0.1' ],
48 silly audit   'webidl-conversions': [ '5.0.0', '6.1.0', '3.0.1', '7.0.0' ],
48 silly audit   'html-encoding-sniffer': [ '2.0.1', '3.0.0' ],
48 silly audit   'http-proxy-agent': [ '4.0.1', '5.0.0' ],
48 silly audit   jsdom: [ '17.0.0', '18.1.1' ],
48 silly audit   parse5: [ '6.0.1', '7.1.2' ],
48 silly audit   tr46: [ '2.1.0', '0.0.3', '3.0.0' ],
48 silly audit   'w3c-xmlserializer': [ '2.0.0', '3.0.0' ],
48 silly audit   'whatwg-encoding': [ '1.0.5', '2.0.0' ],
48 silly audit   'whatwg-mimetype': [ '2.3.0', '3.0.0' ],
48 silly audit   'xml-name-validator': [ '3.0.0', '4.0.0' ],
48 silly audit   'emoji-regex': [ '8.0.0' ],
48 silly audit   'encode-utf8': [ '1.0.3' ],
48 silly audit   encodeurl: [ '1.0.2' ],
48 silly audit   'end-of-stream': [ '1.4.4' ],
48 silly audit   'engine.io': [ '6.4.0' ],
48 silly audit   'engine.io-parser': [ '5.0.6' ],
48 silly audit   ws: [ '8.11.0', '8.12.0' ],
48 silly audit   entities: [ '4.4.0' ],
48 silly audit   'es5-ext': [ '0.10.62' ],
48 silly audit   'es6-iterator': [ '2.0.3' ],
48 silly audit   'es6-symbol': [ '3.1.3' ],
48 silly audit   'es6-weak-map': [ '2.0.3' ],
48 silly audit   escalade: [ '3.1.1' ],
48 silly audit   'escape-html': [ '1.0.3' ],
48 silly audit   'escape-string-regexp': [ '1.0.5' ],
48 silly audit   escodegen: [ '2.0.0' ],
48 silly audit   esprima: [ '4.0.1' ],
48 silly audit   estraverse: [ '5.3.0' ],
48 silly audit   esutils: [ '2.0.3' ],
48 silly audit   etag: [ '1.8.1' ],
48 silly audit   'event-emitter': [ '0.3.5' ],
48 silly audit   'eventemitter-asyncresource': [ '1.0.0' ],
48 silly audit   execa: [ '5.1.1' ],
48 silly audit   'get-stream': [ '6.0.1', '5.2.0' ],
48 silly audit   'exif-parser': [ '0.1.12' ],
48 silly audit   'expand-template': [ '2.0.3' ],
48 silly audit   express: [ '4.18.2' ],
48 silly audit   ext: [ '1.7.0' ],
48 silly audit   type: [ '2.7.2', '1.2.0' ],
48 silly audit   extend: [ '3.0.2' ],
48 silly audit   extsprintf: [ '1.3.0' ],
48 silly audit   'fake-useragent': [ '1.0.1' ],
48 silly audit   'fast-deep-equal': [ '3.1.3' ],
48 silly audit   'fast-json-stable-stringify': [ '2.1.0' ],
48 silly audit   'fast-levenshtein': [ '2.0.6' ],
48 silly audit   'fast-redact': [ '3.1.2' ],
48 silly audit   'fast-xml-parser': [ '4.0.11' ],
48 silly audit   'file-type': [ '16.5.4', '9.0.0' ],
48 silly audit   'fill-range': [ '7.0.1' ],
48 silly audit   finalhandler: [ '1.2.0' ],
48 silly audit   'find-replace': [ '3.0.0' ],
48 silly audit   'find-up': [ '4.1.0' ],
48 silly audit   'fluent-ffmpeg': [ '2.1.2' ],
48 silly audit   'follow-redirects': [ '1.15.2' ],
48 silly audit   'forever-agent': [ '0.6.1' ],
48 silly audit   'form-data': [ '4.0.0', '2.3.3', '0.2.0' ],
48 silly audit   'formdata-node': [ '4.4.1' ],
48 silly audit   forwarded: [ '0.2.0' ],
48 silly audit   fresh: [ '0.5.2' ],
48 silly audit   'fs-constants': [ '1.0.0' ],
48 silly audit   'fs-extra': [ '10.1.0' ],
48 silly audit   universalify: [ '2.0.0', '0.2.0' ],
48 silly audit   fsevents: [ '2.3.2' ],
48 silly audit   'function-bind': [ '1.1.1' ],
48 silly audit   'futoin-hkdf': [ '1.5.1' ],
48 silly audit   'g-i-s': [ '2.1.6' ],
48 silly audit   'get-caller-file': [ '2.0.5' ],
48 silly audit   'get-intrinsic': [ '1.2.0' ],
48 silly audit   getpass: [ '0.1.7' ],
48 silly audit   gifwrap: [ '0.9.4' ],
48 silly audit   'github-from-package': [ '0.0.0' ],
48 silly audit   'glob-parent': [ '5.1.2' ],
48 silly audit   global: [ '4.4.0' ],
48 silly audit   'google-it': [ '1.6.4' ],
48 silly audit   got: [ '11.8.6' ],
48 silly audit   'graceful-fs': [ '4.2.10' ],
48 silly audit   'har-schema': [ '2.0.0' ],
48 silly audit   'har-validator': [ '5.1.5' ],
48 silly audit   has: [ '1.0.3' ],
48 silly audit   'has-flag': [ '4.0.0', '3.0.0' ],
48 silly audit   'has-symbols': [ '1.0.3' ],
48 silly audit   'hdr-histogram-js': [ '2.0.3' ],
48 silly audit   'hdr-histogram-percentiles-obj': [ '3.0.0' ],
48 silly audit   htmlparser2: [ '8.0.1' ],
48 silly audit   'http-cache-semantics': [ '4.1.1' ],
48 silly audit   'http-errors': [ '2.0.0' ],
48 silly audit   'http-signature': [ '1.2.0' ],
48 silly audit   'http2-wrapper': [ '1.0.3' ],
48 silly audit   'https-proxy-agent': [ '5.0.1' ],
48 silly audit   'human-readable': [ '0.2.1' ],
48 silly audit   'human-signals': [ '2.1.0' ],
48 silly audit   'human-time': [ '0.0.2' ],
48 silly audit   'iconv-lite': [ '0.4.24', '0.6.3' ],
48 silly audit   ieee754: [ '1.2.1' ],
48 silly audit   'ignore-by-default': [ '1.0.1' ],
48 silly audit   'image-q': [ '4.0.0' ],
48 silly audit   'image-size': [ '1.0.2' ],
48 silly audit   'image-to-base64': [ '2.2.0' ],
48 silly audit   inherits: [ '2.0.4' ],
48 silly audit   ini: [ '1.3.8' ],
48 silly audit   ip: [ '2.0.0' ],
48 silly audit   'ip-regex': [ '4.3.0' ],
48 silly audit   'ipaddr.js': [ '1.9.1' ],
48 silly audit   'is-accessor-descriptor': [ '1.0.0' ],
48 silly audit   'is-arrayish': [ '0.3.2' ],
48 silly audit   'is-binary-path': [ '2.1.0' ],
48 silly audit   'is-buffer': [ '1.1.6' ],
48 silly audit   'is-data-descriptor': [ '1.0.0' ],
48 silly audit   'is-descriptor': [ '1.0.2' ],
48 silly audit   'is-extglob': [ '2.1.1' ],
48 silly audit   'is-fullwidth-code-point': [ '3.0.0', '2.0.0' ],
48 silly audit   'is-function': [ '1.0.2' ],
48 silly audit   'is-glob': [ '4.0.3' ],
48 silly audit   'is-interactive': [ '1.0.0' ],
48 silly audit   'is-number': [ '7.0.0', '3.0.0' ],
48 silly audit   'is-potential-custom-element-name': [ '1.0.1' ],
48 silly audit   'is-promise': [ '2.2.2' ],
48 silly audit   'is-stream': [ '2.0.1' ],
48 silly audit   'is-typedarray': [ '1.0.0' ],
48 silly audit   isarray: [ '1.0.0' ],
48 silly audit   isexe: [ '2.0.0' ],
48 silly audit   isstream: [ '0.1.2' ],
48 silly audit   'iterm2-version': [ '5.0.0' ],
48 silly audit   jimp: [ '0.16.13', '0.14.0' ],
48 silly audit   'jpeg-js': [ '0.4.4' ],
48 silly audit   jsbn: [ '0.1.1' ],
48 silly audit   'json-buffer': [ '3.0.1' ],
48 silly audit   'json-schema': [ '0.4.0' ],
48 silly audit   'json-schema-traverse': [ '0.4.1' ],
48 silly audit   'json-stringify-safe': [ '5.0.1' ],
48 silly audit   jsonfile: [ '6.1.0' ],
48 silly audit   'jsonpath-plus': [ '5.0.7' ],
48 silly audit   jsprim: [ '1.4.2' ],
48 silly audit   kareem: [ '2.5.1' ],
48 silly audit   keypress: [ '0.2.1' ],
48 silly audit   keyv: [ '4.5.2' ],
48 silly audit   'kind-of': [ '6.0.3', '3.2.2' ],
48 silly audit   'levenshtein-edit-distance': [ '2.0.5' ],
48 silly audit   levn: [ '0.3.0' ],
48 silly audit   libsignal: [ '2.0.1' ],
48 silly audit   protobufjs: [ '6.8.8', '6.11.3' ],
48 silly audit   'load-bmfont': [ '1.4.1' ],
48 silly audit   'locate-path': [ '5.0.0' ],
48 silly audit   lodash: [ '4.17.21' ],
48 silly audit   'lodash.camelcase': [ '4.3.0' ],
48 silly audit   'lodash.flatten': [ '4.4.0' ],
48 silly audit   'log-symbols': [ '3.0.0' ],
48 silly audit   'supports-color': [ '5.5.0', '7.2.0' ],
48 silly audit   'log-update': [ '4.0.0' ],
48 silly audit   long: [ '4.0.0' ],
48 silly audit   lowdb: [ '2.1.0' ],
48 silly audit   'lowercase-keys': [ '2.0.0' ],
48 silly audit   'lru-cache': [ '6.0.0' ],
48 silly audit   'lru-queue': [ '0.1.0' ],
48 silly audit   'media-typer': [ '1.1.0', '0.3.0' ],
48 silly audit   memoizee: [ '0.4.15' ],
48 silly audit   'memory-pager': [ '1.5.0' ],
48 silly audit   'merge-descriptors': [ '1.0.1' ],
48 silly audit   'merge-stream': [ '2.0.0' ],
48 silly audit   methods: [ '1.1.2' ],
48 silly audit   mime: [ '1.6.0', '2.6.0' ],
48 silly audit   'mime-db': [ '1.52.0', '1.12.0' ],
48 silly audit   'mime-types': [ '2.1.35', '2.0.14' ],
48 silly audit   'mimic-fn': [ '2.1.0' ],
48 silly audit   'min-document': [ '2.19.0' ],
48 silly audit   minimatch: [ '3.1.2', '3.0.8' ],
48 silly audit   minimist: [ '1.2.8' ],
48 silly audit   mkdirp: [ '0.5.6' ],
48 silly audit   'mkdirp-classic': [ '0.5.3' ],
48 silly audit   moment: [ '2.29.4' ],
48 silly audit   'moment-timezone': [ '0.5.40' ],
48 silly audit   mongodb: [ '4.13.0' ],
48 silly audit   'mongodb-connection-string-url': [ '2.6.0' ],
48 silly audit   mongoose: [ '6.9.1' ],
48 silly audit   mpath: [ '0.9.0' ],
48 silly audit   mquery: [ '4.0.3' ],
48 silly audit   multistream: [ '2.1.1' ],
48 silly audit   'music-metadata': [ '7.13.3' ],
48 silly audit   'mute-stream': [ '0.0.8' ],
48 silly audit   'napi-build-utils': [ '1.0.2' ],
48 silly audit   negotiator: [ '0.6.3' ],
48 silly audit   'next-tick': [ '1.1.0' ],
48 silly audit   'nice-napi': [ '1.0.2' ],
48 silly audit   'node-abi': [ '3.33.0' ],
48 silly audit   semver: [ '7.3.8', '5.7.1', '7.0.0' ],
48 silly audit   'node-addon-api': [ '3.2.1', '5.1.0' ],
48 silly audit   'node-cache': [ '5.1.2' ],
48 silly audit   'node-domexception': [ '1.0.0' ],
48 silly audit   'node-fetch': [ '2.6.9' ],
48 silly audit   'node-fzf': [ '0.5.3' ],
48 silly audit   'string-width': [ '2.1.1', '4.2.3' ],
48 silly audit   'strip-ansi': [ '4.0.0', '5.2.0', '6.0.1' ],
48 silly audit   'node-gtts': [ '2.0.2' ],
48 silly audit   'node-gyp-build': [ '4.6.0' ],
48 silly audit   'node-os-utils': [ '1.3.7' ],
48 silly audit   'node-webpmux': [ '3.1.3' ],
48 silly audit   nodemon: [ '2.0.20' ],
48 silly audit   nopt: [ '1.0.10' ],
48 silly audit   'normalize-path': [ '3.0.0' ],
48 silly audit   'normalize-url': [ '6.1.0' ],
48 silly audit   'npm-run-path': [ '4.0.1' ],
48 silly audit   'nth-check': [ '2.1.1' ],
48 silly audit   nwsapi: [ '2.2.2' ],
48 silly audit   'oauth-sign': [ '0.9.0' ],
48 silly audit   'object-assign': [ '4.1.1' ],
48 silly audit   'object-inspect': [ '1.12.3' ],
48 silly audit   omggif: [ '1.0.10' ],
48 silly audit   'on-exit-leak-free': [ '0.2.0' ],
48 silly audit   'on-finished': [ '2.4.1' ],
48 silly audit   once: [ '1.4.0' ],
48 silly audit   onetime: [ '5.1.2' ],
48 silly audit   optionator: [ '0.8.3' ],
48 silly audit   ora: [ '4.1.1' ],
48 silly audit   os: [ '0.1.2' ],
48 silly audit   'p-cancelable': [ '2.1.1' ],
48 silly audit   'p-limit': [ '2.3.0' ],
48 silly audit   'p-locate': [ '4.1.0' ],
48 silly audit   'p-try': [ '2.2.0' ],
48 silly audit   pako: [ '1.0.11' ],
48 silly audit   'parse-bmfont-ascii': [ '1.0.6' ],
48 silly audit   'parse-bmfont-binary': [ '1.0.6' ],
48 silly audit   'parse-bmfont-xml': [ '1.1.4' ],
48 silly audit   'parse-headers': [ '2.0.5' ],
48 silly audit   'parse5-htmlparser2-tree-adapter': [ '7.0.0' ],
48 silly audit   parseurl: [ '1.3.3' ],
48 silly audit   'path-exists': [ '4.0.0' ],
48 silly audit   'path-key': [ '3.1.1' ],
48 silly audit   'path-to-regexp': [ '0.1.7' ],
48 silly audit   'peek-readable': [ '4.1.0' ],
48 silly audit   perf_hooks: [ '0.0.1' ],
48 silly audit   'performance-now': [ '2.1.0' ],
48 silly audit   phin: [ '2.9.3' ],
48 silly audit   picomatch: [ '2.3.1' ],
48 silly audit   pino: [ '7.11.0' ],
48 silly audit   'pino-abstract-transport': [ '0.5.0' ],
48 silly audit   'pino-std-serializers': [ '4.0.0' ],
48 silly audit   piscina: [ '3.2.0' ],
48 silly audit   pixelmatch: [ '4.0.2' ],
48 silly audit   plist: [ '3.0.6' ],
48 silly audit   'prebuild-install': [ '7.1.1' ],
48 silly audit   'prelude-ls': [ '1.1.2' ],
48 silly audit   process: [ '0.11.10' ],
48 silly audit   'process-nextick-args': [ '2.0.1' ],
48 silly audit   'process-warning': [ '1.0.0' ],
48 silly audit   'proxy-addr': [ '2.0.7' ],
48 silly audit   'proxy-from-env': [ '1.1.0' ],
48 silly audit   psl: [ '1.9.0' ],
48 silly audit   'pstree.remy': [ '1.1.8' ],
48 silly audit   pump: [ '3.0.0' ],
48 silly audit   punycode: [ '2.3.0' ],
48 silly audit   qrcode: [ '1.5.1' ],
48 silly audit   'qrcode-terminal': [ '0.12.0' ],
48 silly audit   y18n: [ '4.0.3', '5.0.8' ],
48 silly audit   yargs: [ '15.4.1', '17.6.2' ],
48 silly audit   'yargs-parser': [ '18.1.3', '21.1.1' ],
48 silly audit   qs: [ '6.11.0', '6.5.3' ],
48 silly audit   querystringify: [ '2.2.0' ],
48 silly audit   queue: [ '6.0.2' ],
48 silly audit   'quick-format-unescaped': [ '4.0.4' ],
48 silly audit   'quick-lru': [ '5.1.1' ],
48 silly audit   'range-parser': [ '1.2.1' ],
48 silly audit   'raw-body': [ '2.5.1' ],
48 silly audit   rc: [ '1.2.8' ],
48 silly audit   'safe-buffer': [ '5.1.2', '5.2.1' ],
48 silly audit   'readable-web-to-node-stream': [ '3.0.2' ],
48 silly audit   readdirp: [ '3.6.0' ],
48 silly audit   readline: [ '1.3.0' ],
48 silly audit   'real-require': [ '0.1.0' ],
48 silly audit   redstar: [ '0.0.2' ],
48 silly audit   'regenerator-runtime': [ '0.13.11' ],
48 silly audit   'remove.bg': [ '1.3.0' ],
48 silly audit   'render-gif': [ '2.0.4' ],
48 silly audit   request: [ '2.88.2' ],
48 silly audit   'tough-cookie': [ '2.5.0', '4.1.2' ],
48 silly audit   uuid: [ '3.4.0', '8.3.2' ],
48 silly audit   'require-directory': [ '2.1.1' ],
48 silly audit   'require-main-filename': [ '2.0.0' ],
48 silly audit   'requires-port': [ '1.0.0' ],
48 silly audit   'resolve-alpn': [ '1.2.1' ],
48 silly audit   responselike: [ '2.0.1' ],
48 silly audit   'restore-cursor': [ '3.1.0' ],
48 silly audit   'safe-stable-stringify': [ '2.4.2' ],
48 silly audit   'safer-buffer': [ '2.1.2' ],
48 silly audit   saslprep: [ '1.0.3' ],
48 silly audit   sax: [ '1.2.4' ],
48 silly audit   saxes: [ '5.0.1' ],
48 silly audit   send: [ '0.18.0' ],
48 silly audit   'serve-static': [ '1.15.0' ],
48 silly audit   'set-blocking': [ '2.0.0' ],
48 silly audit   setprototypeof: [ '1.2.0' ],
48 silly audit   sharp: [ '0.30.7' ],
48 silly audit   'shebang-command': [ '2.0.0' ],
48 silly audit   'shebang-regex': [ '3.0.0' ],
48 silly audit   'side-channel': [ '1.0.4' ],
48 silly audit   sift: [ '16.0.1' ],
48 silly audit   'signal-exit': [ '3.0.7' ],
48 silly audit   similarity: [ '1.2.1' ],
48 silly audit   'simple-concat': [ '1.0.1' ],
48 silly audit   'simple-get': [ '4.0.1' ],
48 silly audit   'simple-swizzle': [ '0.2.2' ],
48 silly audit   'simple-update-notifier': [ '1.1.0' ],
48 silly audit   'slice-ansi': [ '4.0.0' ],
48 silly audit   'smart-buffer': [ '4.2.0' ],
48 silly audit   'socket.io': [ '4.6.0' ],
48 silly audit   'socket.io-adapter': [ '2.5.2' ],
48 silly audit   'socket.io-parser': [ '4.2.2' ],
48 silly audit   socks: [ '2.7.1' ],
48 silly audit   'sonic-boom': [ '2.8.0' ],
48 silly audit   'source-map': [ '0.6.1' ],
48 silly audit   'sparse-bitfield': [ '3.0.3' ],
48 silly audit   spinnies: [ '0.5.1' ],
48 silly audit   split2: [ '4.1.0' ],
48 silly audit   sshpk: [ '1.17.0' ],
48 silly audit   statuses: [ '2.0.1' ],
48 silly audit   steno: [ '1.0.0' ],
48 silly audit   'stream-shift': [ '1.0.1' ],
48 silly audit   string_decoder: [ '1.1.1' ],
48 silly audit   'strip-final-newline': [ '2.0.0' ],
48 silly audit   'strip-json-comments': [ '2.0.1' ],
48 silly audit   strnum: [ '1.0.5' ],
48 silly audit   strtok3: [ '6.3.0' ],
48 silly audit   'symbol-tree': [ '3.2.4' ],
48 silly audit   'syntax-error': [ '1.4.0' ],
48 silly audit   'tar-fs': [ '2.1.1' ],
48 silly audit   'tar-stream': [ '2.2.0' ],
48 silly audit   'term-img': [ '6.0.0' ],
48 silly audit   'type-fest': [ '1.4.0', '0.21.3' ],
48 silly audit   'terminal-image': [ '2.0.0' ],
48 silly audit   'thread-stream': [ '0.15.2' ],
48 silly audit   'timers-ext': [ '0.1.7' ],
48 silly audit   timm: [ '1.7.1' ],
48 silly audit   tinycolor2: [ '1.6.0' ],
48 silly audit   tlds: [ '1.236.0' ],
48 silly audit   'to-regex-range': [ '5.0.1' ],
48 silly audit   toidentifier: [ '1.0.1' ],
48 silly audit   'token-types': [ '4.2.1' ],
48 silly audit   touch: [ '3.1.0' ],
48 silly audit   'translate-google-api': [ '1.0.4' ],
48 silly audit   ttys: [ '0.0.3' ],
48 silly audit   'tunnel-agent': [ '0.6.0' ],
48 silly audit   tweetnacl: [ '0.14.5' ],
48 silly audit   'type-check': [ '0.3.2' ],
48 silly audit   'type-is': [ '1.6.18' ],
48 silly audit   typical: [ '4.0.0' ],
48 silly audit   undefsafe: [ '2.0.5' ],
48 silly audit   unirest: [ '0.6.0' ],
48 silly audit   unpipe: [ '1.0.0' ],
48 silly audit   'uri-js': [ '4.4.1' ],
48 silly audit   'url-parse': [ '1.5.10' ],
48 silly audit   'url-regex': [ '5.0.0' ],
48 silly audit   utif: [ '2.0.1' ],
48 silly audit   'util-deprecate': [ '1.0.2' ],
48 silly audit   'utils-merge': [ '1.0.1' ],
48 silly audit   vary: [ '1.1.2' ],
48 silly audit   verror: [ '1.10.0' ],
48 silly audit   'w3c-hr-time': [ '1.0.2' ],
48 silly audit   'wa-sticker-formatter': [ '4.4.4' ],
48 silly audit   wcwidth: [ '1.0.1' ],
48 silly audit   'web-streams-polyfill': [ '4.0.0-beta.3' ],
48 silly audit   'which-module': [ '2.0.0' ],
48 silly audit   'window-size': [ '1.1.1' ],
48 silly audit   'word-wrap': [ '1.2.3' ],
48 silly audit   wrappy: [ '1.0.2' ],
48 silly audit   xhr: [ '2.6.0' ],
48 silly audit   'xml-parse-from-string': [ '1.0.1' ],
48 silly audit   xml2js: [ '0.4.23' ],
48 silly audit   xmlbuilder: [ '11.0.1', '15.1.1' ],
48 silly audit   xmlchars: [ '2.2.0' ],
48 silly audit   xtend: [ '4.0.2' ],
48 silly audit   yallist: [ '4.0.0' ],
48 silly audit   'yt-search': [ '2.10.4' ]
48 silly audit }
49 verbose reify failed optional dependency /home/container/node_modules/fsevents
50 silly reify mark deleted [ '/home/container/node_modules/fsevents' ]
51 timing reifyNode:node_modules/fsevents Completed in 107ms
52 timing reify:unpack Completed in 107ms
53 timing reify:unretire Completed in 0ms
54 timing build:queue Completed in 5ms
55 timing build:deps Completed in 6ms
56 timing build Completed in 6ms
57 timing reify:build Completed in 7ms
58 timing reify:trash Completed in 3ms
59 timing reify:save Completed in 249ms
60 http fetch POST 200 https://registry.npmjs.org/-/npm/v1/security/advisories/bulk 816ms
61 timing auditReport:getReport Completed in 826ms
62 silly audit report {
62 silly audit report   axios: [
62 silly audit report     {
62 silly audit report       id: 1089547,
62 silly audit report       url: 'https://github.com/advisories/GHSA-cph5-m8f7-6c5x',
62 silly audit report       title: 'axios Inefficient Regular Expression Complexity vulnerability',
62 silly audit report       severity: 'high',
62 silly audit report       vulnerable_versions: '<0.21.2',
62 silly audit report       cwe: [Array],
62 silly audit report       cvss: [Object]
62 silly audit report     },
62 silly audit report     {
62 silly audit report       id: 1090049,
62 silly audit report       url: 'https://github.com/advisories/GHSA-4w2v-q235-vp99',
62 silly audit report       title: 'Axios vulnerable to Server-Side Request Forgery',
62 silly audit report       severity: 'moderate',
62 silly audit report       vulnerable_versions: '<0.21.1',
62 silly audit report       cwe: [Array],
62 silly audit report       cvss: [Object]
62 silly audit report     }
62 silly audit report   ],
62 silly audit report   'cacheable-request': [
62 silly audit report     {
62 silly audit report       id: 1091050,
62 silly audit report       url: 'https://github.com/advisories/GHSA-8x6c-cv3v-vp6g',
62 silly audit report       title: 'cacheable-request depends on http-cache-semantics, which is vulnerable to Regular Expression Denial of Service',
62 silly audit report       severity: 'high',
62 silly audit report       vulnerable_versions: '<10.2.7',
62 silly audit report       cwe: [Array],
62 silly audit report       cvss: [Object]
62 silly audit report     }
62 silly audit report   ],
62 silly audit report   'url-regex': [
62 silly audit report     {
62 silly audit report       id: 1087482,
62 silly audit report       url: 'https://github.com/advisories/GHSA-v4rh-8p82-6h5w',
62 silly audit report       title: 'Regular expression denial of service in url-regex',
62 silly audit report       severity: 'high',
62 silly audit report       vulnerable_versions: '<=5.0.0',
62 silly audit report       cwe: [Array],
62 silly audit report       cvss: [Object]
62 silly audit report     }
62 silly audit report   ]
62 silly audit report }
63 timing metavuln:cache:get:security-advisory:axios:+rOebCpxp9v9xOJfvDDUmZPFjqySm5/i9Z0juu3ANAJfT/CnggFUCxnTtpK+ydR6RWY6LyeEYRJxGwJThlOAEg== Completed in 11ms
64 timing metavuln:cache:get:security-advisory:axios:U4fyobc0DaMiuxqqaUOx4d+2j8nrn9j9M9n+5CSIm2pkuXuS9WNr+ht6hsXWjqpYgU63Z/flQWzPNI+q7OwHzg== Completed in 10ms
65 timing metavuln:cache:get:security-advisory:cacheable-request:IFUSbM9UePhSmae3ftpan3IXYoqxQRDxduZjaGrmYtVelGIxYnusa2yJcEyeZ3RAbMLPFr2hYkgMYDbPdcUHKA== Completed in 9ms
66 timing metavuln:cache:get:security-advisory:url-regex:tlTtlXVwHNTLh7r0Mzz5G5Q8YHK+tmzsyJvjDQ1m2JAtUQksXDh3uTOqHzaqVW8TBv1Gw3RHg5jLdIbsbyvZWg== Completed in 9ms
67 http fetch GET 200 https://registry.npmjs.org/axios 44ms (cache revalidated)
68 timing metavuln:packument:axios Completed in 47ms
69 timing metavuln:load:security-advisory:axios:1089547 Completed in 2ms
70 timing metavuln:calculate:security-advisory:axios:1089547 Completed in 50ms
71 timing metavuln:load:security-advisory:axios:1090049 Completed in 0ms
72 timing metavuln:calculate:security-advisory:axios:1090049 Completed in 48ms
73 http fetch GET 200 https://registry.npmjs.org/url-regex 54ms (cache revalidated)
74 timing metavuln:packument:url-regex Completed in 55ms
75 timing metavuln:load:security-advisory:url-regex:1087482 Completed in 0ms
76 timing metavuln:calculate:security-advisory:url-regex:1087482 Completed in 55ms
77 http fetch GET 200 https://registry.npmjs.org/cacheable-request 55ms (cache revalidated)
78 timing metavuln:packument:cacheable-request Completed in 56ms
79 timing metavuln:load:security-advisory:cacheable-request:1091050 Completed in 1ms
80 timing metavuln:calculate:security-advisory:cacheable-request:1091050 Completed in 57ms
81 timing metavuln:cache:get:security-advisory:translate-google-api:FRH5/z+LU5/MqSBP9eRr5GmU/6dAAgr2bkok0Nna6ofdHqIUnfGLW1dxyACfFXJru1LKkUhoU6g5t/rSu7p7zA== Completed in 2ms
82 http fetch GET 200 https://registry.npmjs.org/translate-google-api 967ms (cache revalidated)
83 timing metavuln:packument:translate-google-api Completed in 968ms
84 timing metavuln:load:security-advisory:translate-google-api:+rOebCpxp9v9xOJfvDDUmZPFjqySm5/i9Z0juu3ANAJfT/CnggFUCxnTtpK+ydR6RWY6LyeEYRJxGwJThlOAEg== Completed in 0ms
85 timing metavuln:calculate:security-advisory:translate-google-api:+rOebCpxp9v9xOJfvDDUmZPFjqySm5/i9Z0juu3ANAJfT/CnggFUCxnTtpK+ydR6RWY6LyeEYRJxGwJThlOAEg== Completed in 968ms
86 timing metavuln:cache:get:security-advisory:got:xfiNcX+8LWHqbHWrmGzd57SfyH+A07EOqjQBiYi68Zxl10WmY5pZLr9eiLlniJw0JRA/JpLYxf2ZaQ1Panoqxw== Completed in 1ms
87 http fetch GET 200 https://registry.npmjs.org/got 27ms (cache revalidated)
88 timing metavuln:packument:got Completed in 30ms
89 timing metavuln:load:security-advisory:got:IFUSbM9UePhSmae3ftpan3IXYoqxQRDxduZjaGrmYtVelGIxYnusa2yJcEyeZ3RAbMLPFr2hYkgMYDbPdcUHKA== Completed in 2ms
90 timing metavuln:calculate:security-advisory:got:IFUSbM9UePhSmae3ftpan3IXYoqxQRDxduZjaGrmYtVelGIxYnusa2yJcEyeZ3RAbMLPFr2hYkgMYDbPdcUHKA== Completed in 33ms
91 timing metavuln:cache:get:security-advisory:@bochilteam/scraper:Vfl90qfQ6eFdo1TBwsWU1YnqpnyyVRYQUuRWVzd9jPgK0jHcjJlM9A50GpAC2joo9Sb9MrtaNHV+xZOVNnTpJA== Completed in 1ms
92 http fetch GET 200 https://registry.npmjs.org/@bochilteam%2fscraper 282ms (cache revalidated)
93 timing metavuln:packument:@bochilteam/scraper Completed in 283ms
94 timing metavuln:load:security-advisory:@bochilteam/scraper:xfiNcX+8LWHqbHWrmGzd57SfyH+A07EOqjQBiYi68Zxl10WmY5pZLr9eiLlniJw0JRA/JpLYxf2ZaQ1Panoqxw== Completed in 0ms
95 timing metavuln:calculate:security-advisory:@bochilteam/scraper:xfiNcX+8LWHqbHWrmGzd57SfyH+A07EOqjQBiYi68Zxl10WmY5pZLr9eiLlniJw0JRA/JpLYxf2ZaQ1Panoqxw== Completed in 284ms
96 timing auditReport:init Completed in 1351ms
97 timing reify:audit Completed in 2178ms
98 timing reify Completed in 3611ms
99 silly ADD
100 timing command:install Completed in 3630ms
101 verbose exit 0
102 timing npm Completed in 3775ms
103 info ok
